<?xml version="1.0" encoding="UTF-8"?>
<!-- Generated by org.testng.reporters.JUnitReportReporter -->
<testsuite hostname="DESKTOP-MAMTQME" name="testngpackage.TestNGFile" tests="1" failures="0" timestamp="19 Nov 2021 04:42:52 GMT" time="0.034" errors="0">
  <testcase name="verifyHomepageTitle" time="0.034" classname="testngpackage.TestNGFile"/>
</testsuite> <!-- testngpackage.TestNGFile -->
